2015-04-10 19:28:32,792 INFO org.apache.hadoop.hdfs.server.namenode.SecondaryNameNode: STARTUP_MSG: 
/************************************************************
STARTUP_MSG: Starting SecondaryNameNode
STARTUP_MSG:   host = k08n41s01.ccr.buffalo.edu/10.111.8.41
STARTUP_MSG:   args = []
STARTUP_MSG:   version = 2.5.1
STARTUP_MSG:   classpath = /gpfs/courses/cse587/spring2015/students/u2/hw4/Uploader/config-3674693:/gpfs/util/academic/hadoop/2.5.1/hadoop-2.5.1/share/hadoop/common/lib/snappy-java-1.0.4.1.jar:/gpfs/util/academic/hadoop/2.5.1/hadoop-2.5.1/share/hadoop/common/lib/commons-beanutils-1.7.0.jar:/gpfs/util/academic/hadoop/2.5.1/hadoop-2.5.1/share/hadoop/common/lib/jsp-api-2.1.jar:/gpfs/util/academic/hadoop/2.5.1/hadoop-2.5.1/share/hadoop/common/lib/commons-logging-1.1.3.jar:/gpfs/util/academic/hadoop/2.5.1/hadoop-2.5.1/share/hadoop/common/lib/protobuf-java-2.5.0.jar:/gpfs/util/academic/hadoop/2.5.1/hadoop-2.5.1/share/hadoop/common/lib/xmlenc-0.52.jar:/gpfs/util/academic/hadoop/2.5.1/hadoop-2.5.1/share/hadoop/common/lib/jsch-0.1.42.jar:/gpfs/util/academic/hadoop/2.5.1/hadoop-2.5.1/share/hadoop/common/lib/jersey-server-1.9.jar:/gpfs/util/academic/hadoop/2.5.1/hadoop-2.5.1/share/hadoop/common/lib/slf4j-api-1.7.5.jar:/gpfs/util/academic/hadoop/2.5.1/hadoop-2.5.1/share/hadoop/common/lib/commons-net-3.1.jar:/gpfs/util/academic/hadoop/2.5.1/hadoop-2.5.1/share/hadoop/common/lib/jetty-util-6.1.26.jar:/gpfs/util/academic/hadoop/2.5.1/hadoop-2.5.1/share/hadoop/common/lib/activation-1.1.jar:/gpfs/util/academic/hadoop/2.5.1/hadoop-2.5.1/share/hadoop/common/lib/jackson-mapper-asl-1.9.13.jar:/gpfs/util/academic/hadoop/2.5.1/hadoop-2.5.1/share/hadoop/common/lib/jersey-json-1.9.jar:/gpfs/util/academic/hadoop/2.5.1/hadoop-2.5.1/share/hadoop/common/lib/commons-collections-3.2.1.jar:/gpfs/util/academic/hadoop/2.5.1/hadoop-2.5.1/share/hadoop/common/lib/jackson-xc-1.9.13.jar:/gpfs/util/academic/hadoop/2.5.1/hadoop-2.5.1/share/hadoop/common/lib/jets3t-0.9.0.jar:/gpfs/util/academic/hadoop/2.5.1/hadoop-2.5.1/share/hadoop/common/lib/commons-beanutils-core-1.8.0.jar:/gpfs/util/academic/hadoop/2.5.1/hadoop-2.5.1/share/hadoop/common/lib/hadoop-annotations-2.5.1.jar:/gpfs/util/academic/hadoop/2.5.1/hadoop-2.5.1/share/hadoop/common/lib/java-xmlbuilder-0.4.jar:/gpfs/util/academic/hadoop/2.5.1/hadoop-2.5.1/share/hadoop/common/lib/paranamer-2.3.jar:/gpfs/util/academic/hadoop/2.5.1/hadoop-2.5.1/share/hadoop/common/lib/hadoop-auth-2.5.1.jar:/gpfs/util/academic/hadoop/2.5.1/hadoop-2.5.1/share/hadoop/common/lib/jsr305-1.3.9.jar:/gpfs/util/academic/hadoop/2.5.1/hadoop-2.5.1/share/hadoop/common/lib/jettison-1.1.jar:/gpfs/util/academic/hadoop/2.5.1/hadoop-2.5.1/share/hadoop/common/lib/commons-codec-1.4.jar:/gpfs/util/academic/hadoop/2.5.1/hadoop-2.5.1/share/hadoop/common/lib/stax-api-1.0-2.jar:/gpfs/util/academic/hadoop/2.5.1/hadoop-2.5.1/share/hadoop/common/lib/zookeeper-3.4.6.jar:/gpfs/util/academic/hadoop/2.5.1/hadoop-2.5.1/share/hadoop/common/lib/mockito-all-1.8.5.jar:/gpfs/util/academic/hadoop/2.5.1/hadoop-2.5.1/share/hadoop/common/lib/asm-3.2.jar:/gpfs/util/academic/hadoop/2.5.1/hadoop-2.5.1/share/hadoop/common/lib/xz-1.0.jar:/gpfs/util/academic/hadoop/2.5.1/hadoop-2.5.1/share/hadoop/common/lib/commons-digester-1.8.jar:/gpfs/util/academic/hadoop/2.5.1/hadoop-2.5.1/share/hadoop/common/lib/jersey-core-1.9.jar:/gpfs/util/academic/hadoop/2.5.1/hadoop-2.5.1/share/hadoop/common/lib/commons-compress-1.4.1.jar:/gpfs/util/academic/hadoop/2.5.1/hadoop-2.5.1/share/hadoop/common/lib/httpclient-4.2.5.jar:/gpfs/util/academic/hadoop/2.5.1/hadoop-2.5.1/share/hadoop/common/lib/commons-cli-1.2.jar:/gpfs/util/academic/hadoop/2.5.1/hadoop-2.5.1/share/hadoop/common/lib/api-asn1-api-1.0.0-M20.jar:/gpfs/util/academic/hadoop/2.5.1/hadoop-2.5.1/share/hadoop/common/lib/jackson-jaxrs-1.9.13.jar:/gpfs/util/academic/hadoop/2.5.1/hadoop-2.5.1/share/hadoop/common/lib/avro-1.7.4.jar:/gpfs/util/academic/hadoop/2.5.1/hadoop-2.5.1/share/hadoop/common/lib/commons-math3-3.1.1.jar:/gpfs/util/academic/hadoop/2.5.1/hadoop-2.5.1/share/hadoop/common/lib/netty-3.6.2.Final.jar:/gpfs/util/academic/hadoop/2.5.1/hadoop-2.5.1/share/hadoop/common/lib/junit-4.11.jar:/gpfs/util/academic/hadoop/2.5.1/hadoop-2.5.1/share/hadoop/common/lib/servlet-api-2.5.jar:/gpfs/util/academic/hadoop/2.5.1/hadoop-2.5.1/share/hadoop/common/lib/apacheds-kerberos-codec-2.0.0-M15.jar:/gpfs/util/academic/hadoop/2.5.1/hadoop-2.5.1/share/hadoop/common/lib/slf4j-log4j12-1.7.5.jar:/gpfs/util/academic/hadoop/2.5.1/hadoop-2.5.1/share/hadoop/common/lib/commons-lang-2.6.jar:/gpfs/util/academic/hadoop/2.5.1/hadoop-2.5.1/share/hadoop/common/lib/commons-configuration-1.6.jar:/gpfs/util/academic/hadoop/2.5.1/hadoop-2.5.1/share/hadoop/common/lib/jaxb-api-2.2.2.jar:/gpfs/util/academic/hadoop/2.5.1/hadoop-2.5.1/share/hadoop/common/lib/commons-httpclient-3.1.jar:/gpfs/util/academic/hadoop/2.5.1/hadoop-2.5.1/share/hadoop/common/lib/commons-el-1.0.jar:/gpfs/util/academic/hadoop/2.5.1/hadoop-2.5.1/share/hadoop/common/lib/jasper-runtime-5.5.23.jar:/gpfs/util/academic/hadoop/2.5.1/hadoop-2.5.1/share/hadoop/common/lib/guava-11.0.2.jar:/gpfs/util/academic/hadoop/2.5.1/hadoop-2.5.1/share/hadoop/common/lib/httpcore-4.2.5.jar:/gpfs/util/academic/hadoop/2.5.1/hadoop-2.5.1/share/hadoop/common/lib/jaxb-impl-2.2.3-1.jar:/gpfs/util/academic/hadoop/2.5.1/hadoop-2.5.1/share/hadoop/common/lib/api-util-1.0.0-M20.jar:/gpfs/util/academic/hadoop/2.5.1/hadoop-2.5.1/share/hadoop/common/lib/apacheds-i18n-2.0.0-M15.jar:/gpfs/util/academic/hadoop/2.5.1/hadoop-2.5.1/share/hadoop/common/lib/jasper-compiler-5.5.23.jar:/gpfs/util/academic/hadoop/2.5.1/hadoop-2.5.1/share/hadoop/common/lib/jetty-6.1.26.jar:/gpfs/util/academic/hadoop/2.5.1/hadoop-2.5.1/share/hadoop/common/lib/hamcrest-core-1.3.jar:/gpfs/util/academic/hadoop/2.5.1/hadoop-2.5.1/share/hadoop/common/lib/commons-io-2.4.jar:/gpfs/util/academic/hadoop/2.5.1/hadoop-2.5.1/share/hadoop/common/lib/log4j-1.2.17.jar:/gpfs/util/academic/hadoop/2.5.1/hadoop-2.5.1/share/hadoop/common/lib/jackson-core-asl-1.9.13.jar:/gpfs/util/academic/hadoop/2.5.1/hadoop-2.5.1/share/hadoop/common/hadoop-nfs-2.5.1.jar:/gpfs/util/academic/hadoop/2.5.1/hadoop-2.5.1/share/hadoop/common/hadoop-common-2.5.1-tests.jar:/gpfs/util/academic/hadoop/2.5.1/hadoop-2.5.1/share/hadoop/common/hadoop-common-2.5.1.jar:/gpfs/util/academic/hadoop/2.5.1/hadoop-2.5.1/share/hadoop/hdfs:/gpfs/util/academic/hadoop/2.5.1/hadoop-2.5.1/share/hadoop/hdfs/lib/jsp-api-2.1.jar:/gpfs/util/academic/hadoop/2.5.1/hadoop-2.5.1/share/hadoop/hdfs/lib/commons-logging-1.1.3.jar:/gpfs/util/academic/hadoop/2.5.1/hadoop-2.5.1/share/hadoop/hdfs/lib/protobuf-java-2.5.0.jar:/gpfs/util/academic/hadoop/2.5.1/hadoop-2.5.1/share/hadoop/hdfs/lib/xmlenc-0.52.jar:/gpfs/util/academic/hadoop/2.5.1/hadoop-2.5.1/share/hadoop/hdfs/lib/jersey-server-1.9.jar:/gpfs/util/academic/hadoop/2.5.1/hadoop-2.5.1/share/hadoop/hdfs/lib/jetty-util-6.1.26.jar:/gpfs/util/academic/hadoop/2.5.1/hadoop-2.5.1/share/hadoop/hdfs/lib/jackson-mapper-asl-1.9.13.jar:/gpfs/util/academic/hadoop/2.5.1/hadoop-2.5.1/share/hadoop/hdfs/lib/jsr305-1.3.9.jar:/gpfs/util/academic/hadoop/2.5.1/hadoop-2.5.1/share/hadoop/hdfs/lib/commons-codec-1.4.jar:/gpfs/util/academic/hadoop/2.5.1/hadoop-2.5.1/share/hadoop/hdfs/lib/asm-3.2.jar:/gpfs/util/academic/hadoop/2.5.1/hadoop-2.5.1/share/hadoop/hdfs/lib/jersey-core-1.9.jar:/gpfs/util/academic/hadoop/2.5.1/hadoop-2.5.1/share/hadoop/hdfs/lib/commons-daemon-1.0.13.jar:/gpfs/util/academic/hadoop/2.5.1/hadoop-2.5.1/share/hadoop/hdfs/lib/commons-cli-1.2.jar:/gpfs/util/academic/hadoop/2.5.1/hadoop-2.5.1/share/hadoop/hdfs/lib/netty-3.6.2.Final.jar:/gpfs/util/academic/hadoop/2.5.1/hadoop-2.5.1/share/hadoop/hdfs/lib/servlet-api-2.5.jar:/gpfs/util/academic/hadoop/2.5.1/hadoop-2.5.1/share/hadoop/hdfs/lib/commons-lang-2.6.jar:/gpfs/util/academic/hadoop/2.5.1/hadoop-2.5.1/share/hadoop/hdfs/lib/commons-el-1.0.jar:/gpfs/util/academic/hadoop/2.5.1/hadoop-2.5.1/share/hadoop/hdfs/lib/jasper-runtime-5.5.23.jar:/gpfs/util/academic/hadoop/2.5.1/hadoop-2.5.1/share/hadoop/hdfs/lib/guava-11.0.2.jar:/gpfs/util/academic/hadoop/2.5.1/hadoop-2.5.1/share/hadoop/hdfs/lib/jetty-6.1.26.jar:/gpfs/util/academic/hadoop/2.5.1/hadoop-2.5.1/share/hadoop/hdfs/lib/commons-io-2.4.jar:/gpfs/util/academic/hadoop/2.5.1/hadoop-2.5.1/share/hadoop/hdfs/lib/log4j-1.2.17.jar:/gpfs/util/academic/hadoop/2.5.1/hadoop-2.5.1/share/hadoop/hdfs/lib/jackson-core-asl-1.9.13.jar:/gpfs/util/academic/hadoop/2.5.1/hadoop-2.5.1/share/hadoop/hdfs/hadoop-hdfs-nfs-2.5.1.jar:/gpfs/util/academic/hadoop/2.5.1/hadoop-2.5.1/share/hadoop/hdfs/hadoop-hdfs-2.5.1-tests.jar:/gpfs/util/academic/hadoop/2.5.1/hadoop-2.5.1/share/hadoop/hdfs/hadoop-hdfs-2.5.1.jar:/gpfs/util/academic/hadoop/2.5.1/hadoop-2.5.1/share/hadoop/yarn/lib/jersey-client-1.9.jar:/gpfs/util/academic/hadoop/2.5.1/hadoop-2.5.1/share/hadoop/yarn/lib/commons-logging-1.1.3.jar:/gpfs/util/academic/hadoop/2.5.1/hadoop-2.5.1/share/hadoop/yarn/lib/protobuf-java-2.5.0.jar:/gpfs/util/academic/hadoop/2.5.1/hadoop-2.5.1/share/hadoop/yarn/lib/jersey-server-1.9.jar:/gpfs/util/academic/hadoop/2.5.1/hadoop-2.5.1/share/hadoop/yarn/lib/jetty-util-6.1.26.jar:/gpfs/util/academic/hadoop/2.5.1/hadoop-2.5.1/share/hadoop/yarn/lib/activation-1.1.jar:/gpfs/util/academic/hadoop/2.5.1/hadoop-2.5.1/share/hadoop/yarn/lib/jackson-mapper-asl-1.9.13.jar:/gpfs/util/academic/hadoop/2.5.1/hadoop-2.5.1/share/hadoop/yarn/lib/jersey-json-1.9.jar:/gpfs/util/academic/hadoop/2.5.1/hadoop-2.5.1/share/hadoop/yarn/lib/commons-collections-3.2.1.jar:/gpfs/util/academic/hadoop/2.5.1/hadoop-2.5.1/share/hadoop/yarn/lib/jackson-xc-1.9.13.jar:/gpfs/util/academic/hadoop/2.5.1/hadoop-2.5.1/share/hadoop/yarn/lib/jsr305-1.3.9.jar:/gpfs/util/academic/hadoop/2.5.1/hadoop-2.5.1/share/hadoop/yarn/lib/jettison-1.1.jar:/gpfs/util/academic/hadoop/2.5.1/hadoop-2.5.1/share/hadoop/yarn/lib/commons-codec-1.4.jar:/gpfs/util/academic/hadoop/2.5.1/hadoop-2.5.1/share/hadoop/yarn/lib/stax-api-1.0-2.jar:/gpfs/util/academic/hadoop/2.5.1/hadoop-2.5.1/share/hadoop/yarn/lib/javax.inject-1.jar:/gpfs/util/academic/hadoop/2.5.1/hadoop-2.5.1/share/hadoop/yarn/lib/zookeeper-3.4.6.jar:/gpfs/util/academic/hadoop/2.5.1/hadoop-2.5.1/share/hadoop/yarn/lib/asm-3.2.jar:/gpfs/util/academic/hadoop/2.5.1/hadoop-2.5.1/share/hadoop/yarn/lib/xz-1.0.jar:/gpfs/util/academic/hadoop/2.5.1/hadoop-2.5.1/share/hadoop/yarn/lib/jersey-core-1.9.jar:/gpfs/util/academic/hadoop/2.5.1/hadoop-2.5.1/share/hadoop/yarn/lib/commons-compress-1.4.1.jar:/gpfs/util/academic/hadoop/2.5.1/hadoop-2.5.1/share/hadoop/yarn/lib/commons-cli-1.2.jar:/gpfs/util/academic/hadoop/2.5.1/hadoop-2.5.1/share/hadoop/yarn/lib/jersey-guice-1.9.jar:/gpfs/util/academic/hadoop/2.5.1/hadoop-2.5.1/share/hadoop/yarn/lib/leveldbjni-all-1.8.jar:/gpfs/util/academic/hadoop/2.5.1/hadoop-2.5.1/share/hadoop/yarn/lib/jackson-jaxrs-1.9.13.jar:/gpfs/util/academic/hadoop/2.5.1/hadoop-2.5.1/share/hadoop/yarn/lib/netty-3.6.2.Final.jar:/gpfs/util/academic/hadoop/2.5.1/hadoop-2.5.1/share/hadoop/yarn/lib/servlet-api-2.5.jar:/gpfs/util/academic/hadoop/2.5.1/hadoop-2.5.1/share/hadoop/yarn/lib/aopalliance-1.0.jar:/gpfs/util/academic/hadoop/2.5.1/hadoop-2.5.1/share/hadoop/yarn/lib/commons-lang-2.6.jar:/gpfs/util/academic/hadoop/2.5.1/hadoop-2.5.1/share/hadoop/yarn/lib/guice-3.0.jar:/gpfs/util/academic/hadoop/2.5.1/hadoop-2.5.1/share/hadoop/yarn/lib/jaxb-api-2.2.2.jar:/gpfs/util/academic/hadoop/2.5.1/hadoop-2.5.1/share/hadoop/yarn/lib/commons-httpclient-3.1.jar:/gpfs/util/academic/hadoop/2.5.1/hadoop-2.5.1/share/hadoop/yarn/lib/guava-11.0.2.jar:/gpfs/util/academic/hadoop/2.5.1/hadoop-2.5.1/share/hadoop/yarn/lib/jaxb-impl-2.2.3-1.jar:/gpfs/util/academic/hadoop/2.5.1/hadoop-2.5.1/share/hadoop/yarn/lib/jetty-6.1.26.jar:/gpfs/util/academic/hadoop/2.5.1/hadoop-2.5.1/share/hadoop/yarn/lib/commons-io-2.4.jar:/gpfs/util/academic/hadoop/2.5.1/hadoop-2.5.1/share/hadoop/yarn/lib/log4j-1.2.17.jar:/gpfs/util/academic/hadoop/2.5.1/hadoop-2.5.1/share/hadoop/yarn/lib/jline-0.9.94.jar:/gpfs/util/academic/hadoop/2.5.1/hadoop-2.5.1/share/hadoop/yarn/lib/guice-servlet-3.0.jar:/gpfs/util/academic/hadoop/2.5.1/hadoop-2.5.1/share/hadoop/yarn/lib/jackson-core-asl-1.9.13.jar:/gpfs/util/academic/hadoop/2.5.1/hadoop-2.5.1/share/hadoop/yarn/hadoop-yarn-applications-distributedshell-2.5.1.jar:/gpfs/util/academic/hadoop/2.5.1/hadoop-2.5.1/share/hadoop/yarn/hadoop-yarn-server-nodemanager-2.5.1.jar:/gpfs/util/academic/hadoop/2.5.1/hadoop-2.5.1/share/hadoop/yarn/hadoop-yarn-server-common-2.5.1.jar:/gpfs/util/academic/hadoop/2.5.1/hadoop-2.5.1/share/hadoop/yarn/hadoop-yarn-server-tests-2.5.1.jar:/gpfs/util/academic/hadoop/2.5.1/hadoop-2.5.1/share/hadoop/yarn/hadoop-yarn-server-applicationhistoryservice-2.5.1.jar:/gpfs/util/academic/hadoop/2.5.1/hadoop-2.5.1/share/hadoop/yarn/hadoop-yarn-applications-unmanaged-am-launcher-2.5.1.jar:/gpfs/util/academic/hadoop/2.5.1/hadoop-2.5.1/share/hadoop/yarn/hadoop-yarn-server-resourcemanager-2.5.1.jar:/gpfs/util/academic/hadoop/2.5.1/hadoop-2.5.1/share/hadoop/yarn/hadoop-yarn-common-2.5.1.jar:/gpfs/util/academic/hadoop/2.5.1/hadoop-2.5.1/share/hadoop/yarn/hadoop-yarn-client-2.5.1.jar:/gpfs/util/academic/hadoop/2.5.1/hadoop-2.5.1/share/hadoop/yarn/hadoop-yarn-server-web-proxy-2.5.1.jar:/gpfs/util/academic/hadoop/2.5.1/hadoop-2.5.1/share/hadoop/yarn/hadoop-yarn-api-2.5.1.jar:/gpfs/util/academic/hadoop/2.5.1/hadoop-2.5.1/share/hadoop/mapreduce/lib/snappy-java-1.0.4.1.jar:/gpfs/util/academic/hadoop/2.5.1/hadoop-2.5.1/share/hadoop/mapreduce/lib/protobuf-java-2.5.0.jar:/gpfs/util/academic/hadoop/2.5.1/hadoop-2.5.1/share/hadoop/mapreduce/lib/jersey-server-1.9.jar:/gpfs/util/academic/hadoop/2.5.1/hadoop-2.5.1/share/hadoop/mapreduce/lib/jackson-mapper-asl-1.9.13.jar:/gpfs/util/academic/hadoop/2.5.1/hadoop-2.5.1/share/hadoop/mapreduce/lib/hadoop-annotations-2.5.1.jar:/gpfs/util/academic/hadoop/2.5.1/hadoop-2.5.1/share/hadoop/mapreduce/lib/paranamer-2.3.jar:/gpfs/util/academic/hadoop/2.5.1/hadoop-2.5.1/share/hadoop/mapreduce/lib/javax.inject-1.jar:/gpfs/util/academic/hadoop/2.5.1/hadoop-2.5.1/share/hadoop/mapreduce/lib/asm-3.2.jar:/gpfs/util/academic/hadoop/2.5.1/hadoop-2.5.1/share/hadoop/mapreduce/lib/xz-1.0.jar:/gpfs/util/academic/hadoop/2.5.1/hadoop-2.5.1/share/hadoop/mapreduce/lib/jersey-core-1.9.jar:/gpfs/util/academic/hadoop/2.5.1/hadoop-2.5.1/share/hadoop/mapreduce/lib/commons-compress-1.4.1.jar:/gpfs/util/academic/hadoop/2.5.1/hadoop-2.5.1/share/hadoop/mapreduce/lib/jersey-guice-1.9.jar:/gpfs/util/academic/hadoop/2.5.1/hadoop-2.5.1/share/hadoop/mapreduce/lib/leveldbjni-all-1.8.jar:/gpfs/util/academic/hadoop/2.5.1/hadoop-2.5.1/share/hadoop/mapreduce/lib/avro-1.7.4.jar:/gpfs/util/academic/hadoop/2.5.1/hadoop-2.5.1/share/hadoop/mapreduce/lib/netty-3.6.2.Final.jar:/gpfs/util/academic/hadoop/2.5.1/hadoop-2.5.1/share/hadoop/mapreduce/lib/junit-4.11.jar:/gpfs/util/academic/hadoop/2.5.1/hadoop-2.5.1/share/hadoop/mapreduce/lib/aopalliance-1.0.jar:/gpfs/util/academic/hadoop/2.5.1/hadoop-2.5.1/share/hadoop/mapreduce/lib/guice-3.0.jar:/gpfs/util/academic/hadoop/2.5.1/hadoop-2.5.1/share/hadoop/mapreduce/lib/hamcrest-core-1.3.jar:/gpfs/util/academic/hadoop/2.5.1/hadoop-2.5.1/share/hadoop/mapreduce/lib/commons-io-2.4.jar:/gpfs/util/academic/hadoop/2.5.1/hadoop-2.5.1/share/hadoop/mapreduce/lib/log4j-1.2.17.jar:/gpfs/util/academic/hadoop/2.5.1/hadoop-2.5.1/share/hadoop/mapreduce/lib/guice-servlet-3.0.jar:/gpfs/util/academic/hadoop/2.5.1/hadoop-2.5.1/share/hadoop/mapreduce/lib/jackson-core-asl-1.9.13.jar:/gpfs/util/academic/hadoop/2.5.1/hadoop-2.5.1/share/hadoop/mapreduce/hadoop-mapreduce-client-core-2.5.1.jar:/gpfs/util/academic/hadoop/2.5.1/hadoop-2.5.1/share/hadoop/mapreduce/hadoop-mapreduce-client-app-2.5.1.jar:/gpfs/util/academic/hadoop/2.5.1/hadoop-2.5.1/share/hadoop/mapreduce/hadoop-mapreduce-client-hs-2.5.1.jar:/gpfs/util/academic/hadoop/2.5.1/hadoop-2.5.1/share/hadoop/mapreduce/hadoop-mapreduce-client-common-2.5.1.jar:/gpfs/util/academic/hadoop/2.5.1/hadoop-2.5.1/share/hadoop/mapreduce/hadoop-mapreduce-client-jobclient-2.5.1.jar:/gpfs/util/academic/hadoop/2.5.1/hadoop-2.5.1/share/hadoop/mapreduce/hadoop-mapreduce-client-hs-plugins-2.5.1.jar:/gpfs/util/academic/hadoop/2.5.1/hadoop-2.5.1/share/hadoop/mapreduce/hadoop-mapreduce-examples-2.5.1.jar:/gpfs/util/academic/hadoop/2.5.1/hadoop-2.5.1/share/hadoop/mapreduce/hadoop-mapreduce-client-jobclient-2.5.1-tests.jar:/gpfs/util/academic/hadoop/2.5.1/hadoop-2.5.1/share/hadoop/mapreduce/hadoop-mapreduce-client-shuffle-2.5.1.jar:/contrib/capacity-scheduler/*.jar:/contrib/capacity-scheduler/*.jar:/contrib/capacity-scheduler/*.jar
STARTUP_MSG:   build = https://git-wip-us.apache.org/repos/asf/hadoop.git -r 2e18d179e4a8065b6a9f29cf2de9451891265cce; compiled by 'jenkins' on 2014-09-05T23:11Z
STARTUP_MSG:   java = 1.6.0_22
************************************************************/
2015-04-10 19:28:32,801 INFO org.apache.hadoop.hdfs.server.namenode.SecondaryNameNode: registered UNIX signal handlers for [TERM, HUP, INT]
2015-04-10 19:28:33,153 WARN org.apache.hadoop.util.NativeCodeLoader: Unable to load native-hadoop library for your platform... using builtin-java classes where applicable
2015-04-10 19:28:33,312 INFO org.apache.hadoop.metrics2.impl.MetricsConfig: loaded properties from hadoop-metrics2.properties
2015-04-10 19:28:33,366 INFO org.apache.hadoop.metrics2.impl.MetricsSystemImpl: Scheduled snapshot period at 10 second(s).
2015-04-10 19:28:33,367 INFO org.apache.hadoop.metrics2.impl.MetricsSystemImpl: SecondaryNameNode metrics system started
2015-04-10 19:28:33,628 INFO org.apache.hadoop.hdfs.server.common.Storage: Lock on /scratch/3674693/tmp/dfs/namesecondary/in_use.lock acquired by nodename 17544@k08n41s01.ccr.buffalo.edu
2015-04-10 19:28:33,632 INFO org.apache.hadoop.hdfs.server.namenode.FSNamesystem: fsLock is fair:true
2015-04-10 19:28:33,679 INFO org.apache.hadoop.hdfs.server.blockmanagement.DatanodeManager: dfs.block.invalidate.limit=1000
2015-04-10 19:28:33,679 INFO org.apache.hadoop.hdfs.server.blockmanagement.DatanodeManager: dfs.namenode.datanode.registration.ip-hostname-check=true
2015-04-10 19:28:33,680 INFO org.apache.hadoop.hdfs.server.blockmanagement.BlockManager: dfs.namenode.startup.delay.block.deletion.sec is set to 000:00:00:00.000
2015-04-10 19:28:33,681 INFO org.apache.hadoop.hdfs.server.blockmanagement.BlockManager: The block deletion will start around 2015 Apr 10 19:28:33
2015-04-10 19:28:33,683 INFO org.apache.hadoop.util.GSet: Computing capacity for map BlocksMap
2015-04-10 19:28:33,683 INFO org.apache.hadoop.util.GSet: VM type       = 64-bit
2015-04-10 19:28:33,687 INFO org.apache.hadoop.util.GSet: 2.0% max memory 888.9 MB = 17.8 MB
2015-04-10 19:28:33,687 INFO org.apache.hadoop.util.GSet: capacity      = 2^21 = 2097152 entries
2015-04-10 19:28:33,702 INFO org.apache.hadoop.hdfs.server.blockmanagement.BlockManager: dfs.block.access.token.enable=false
2015-04-10 19:28:33,702 INFO org.apache.hadoop.hdfs.server.blockmanagement.BlockManager: defaultReplication         = 3
2015-04-10 19:28:33,702 INFO org.apache.hadoop.hdfs.server.blockmanagement.BlockManager: maxReplication             = 512
2015-04-10 19:28:33,702 INFO org.apache.hadoop.hdfs.server.blockmanagement.BlockManager: minReplication             = 1
2015-04-10 19:28:33,702 INFO org.apache.hadoop.hdfs.server.blockmanagement.BlockManager: maxReplicationStreams      = 2
2015-04-10 19:28:33,702 INFO org.apache.hadoop.hdfs.server.blockmanagement.BlockManager: shouldCheckForEnoughRacks  = false
2015-04-10 19:28:33,703 INFO org.apache.hadoop.hdfs.server.blockmanagement.BlockManager: replicationRecheckInterval = 3000
2015-04-10 19:28:33,703 INFO org.apache.hadoop.hdfs.server.blockmanagement.BlockManager: encryptDataTransfer        = false
2015-04-10 19:28:33,703 INFO org.apache.hadoop.hdfs.server.blockmanagement.BlockManager: maxNumBlocksToLog          = 1000
2015-04-10 19:28:33,703 INFO org.apache.hadoop.hdfs.server.namenode.FSNamesystem: fsOwner             = u2 (auth:SIMPLE)
2015-04-10 19:28:33,703 INFO org.apache.hadoop.hdfs.server.namenode.FSNamesystem: supergroup          = supergroup
2015-04-10 19:28:33,703 INFO org.apache.hadoop.hdfs.server.namenode.FSNamesystem: isPermissionEnabled = true
2015-04-10 19:28:33,703 INFO org.apache.hadoop.hdfs.server.namenode.FSNamesystem: HA Enabled: false
2015-04-10 19:28:33,706 INFO org.apache.hadoop.hdfs.server.namenode.FSNamesystem: Append Enabled: true
2015-04-10 19:28:34,078 INFO org.apache.hadoop.util.GSet: Computing capacity for map INodeMap
2015-04-10 19:28:34,078 INFO org.apache.hadoop.util.GSet: VM type       = 64-bit
2015-04-10 19:28:34,079 INFO org.apache.hadoop.util.GSet: 1.0% max memory 888.9 MB = 8.9 MB
2015-04-10 19:28:34,079 INFO org.apache.hadoop.util.GSet: capacity      = 2^20 = 1048576 entries
2015-04-10 19:28:34,082 INFO org.apache.hadoop.hdfs.server.namenode.NameNode: Caching file names occuring more than 10 times
2015-04-10 19:28:34,089 INFO org.apache.hadoop.util.GSet: Computing capacity for map cachedBlocks
2015-04-10 19:28:34,089 INFO org.apache.hadoop.util.GSet: VM type       = 64-bit
2015-04-10 19:28:34,089 INFO org.apache.hadoop.util.GSet: 0.25% max memory 888.9 MB = 2.2 MB
2015-04-10 19:28:34,089 INFO org.apache.hadoop.util.GSet: capacity      = 2^18 = 262144 entries
2015-04-10 19:28:34,091 INFO org.apache.hadoop.hdfs.server.namenode.FSNamesystem: dfs.namenode.safemode.threshold-pct = 0.9990000128746033
2015-04-10 19:28:34,091 INFO org.apache.hadoop.hdfs.server.namenode.FSNamesystem: dfs.namenode.safemode.min.datanodes = 0
2015-04-10 19:28:34,091 INFO org.apache.hadoop.hdfs.server.namenode.FSNamesystem: dfs.namenode.safemode.extension     = 30000
2015-04-10 19:28:34,093 INFO org.apache.hadoop.hdfs.server.namenode.NNConf: ACLs enabled? false
2015-04-10 19:28:34,093 INFO org.apache.hadoop.hdfs.server.namenode.NNConf: XAttrs enabled? true
2015-04-10 19:28:34,093 INFO org.apache.hadoop.hdfs.server.namenode.NNConf: Maximum size of an xattr: 16384
2015-04-10 19:28:34,102 INFO org.apache.hadoop.hdfs.DFSUtil: Starting web server as: ${dfs.web.authentication.kerberos.principal}
2015-04-10 19:28:34,102 INFO org.apache.hadoop.hdfs.DFSUtil: Starting Web-server for secondary at: http://k08n41s01:50090
2015-04-10 19:28:34,154 INFO org.mortbay.log: Logging to org.slf4j.impl.Log4jLoggerAdapter(org.mortbay.log) via org.mortbay.log.Slf4jLog
2015-04-10 19:28:34,158 INFO org.apache.hadoop.http.HttpRequestLog: Http request log for http.requests.secondary is not defined
2015-04-10 19:28:34,168 INFO org.apache.hadoop.http.HttpServer2: Added global filter 'safety' (class=org.apache.hadoop.http.HttpServer2$QuotingInputFilter)
2015-04-10 19:28:34,171 INFO org.apache.hadoop.http.HttpServer2: Added filter static_user_filter (class=org.apache.hadoop.http.lib.StaticUserWebFilter$StaticUserFilter) to context secondary
2015-04-10 19:28:34,171 INFO org.apache.hadoop.http.HttpServer2: Added filter static_user_filter (class=org.apache.hadoop.http.lib.StaticUserWebFilter$StaticUserFilter) to context logs
2015-04-10 19:28:34,171 INFO org.apache.hadoop.http.HttpServer2: Added filter static_user_filter (class=org.apache.hadoop.http.lib.StaticUserWebFilter$StaticUserFilter) to context static
2015-04-10 19:28:34,188 INFO org.apache.hadoop.http.HttpServer2: Jetty bound to port 50090
2015-04-10 19:28:34,188 INFO org.mortbay.log: jetty-6.1.26
2015-04-10 19:28:34,214 WARN org.mortbay.log: Can't reuse /tmp/Jetty_k08n41s01_50090_secondary____.z0ida6, using /tmp/Jetty_k08n41s01_50090_secondary____.z0ida6_8554191631687374055
2015-04-10 19:28:34,352 INFO org.mortbay.log: Started HttpServer2$SelectChannelConnectorWithSafeStartup@k08n41s01:50090
2015-04-10 19:28:34,352 INFO org.apache.hadoop.hdfs.server.namenode.SecondaryNameNode: Web server init done
2015-04-10 19:28:34,353 INFO org.apache.hadoop.hdfs.server.namenode.SecondaryNameNode: Checkpoint Period   :3600 secs (60 min)
2015-04-10 19:28:34,353 INFO org.apache.hadoop.hdfs.server.namenode.SecondaryNameNode: Log Size Trigger    :1000000 txns
2015-04-10 19:29:34,618 INFO org.apache.hadoop.hdfs.server.namenode.SecondaryNameNode: Image has changed. Downloading updated image from NN.
2015-04-10 19:29:34,694 WARN org.apache.hadoop.security.ssl.FileBasedKeyStoresFactory: The property 'ssl.client.truststore.location' has not been set, no TrustStore will be loaded
2015-04-10 19:29:34,756 INFO org.apache.hadoop.hdfs.server.namenode.TransferFsImage: Opening connection to http://k08n41s01:50070/imagetransfer?getimage=1&txid=0&storageInfo=-57:730859460:0:CID-3ddbb753-00e2-4542-8fb3-0b43f4424e30
2015-04-10 19:29:34,813 INFO org.apache.hadoop.hdfs.server.namenode.TransferFsImage: Image Transfer timeout configured to 60000 milliseconds
2015-04-10 19:29:35,113 INFO org.apache.hadoop.hdfs.server.namenode.TransferFsImage: Transfer took 0.12s at 0.00 KB/s
2015-04-10 19:29:35,113 INFO org.apache.hadoop.hdfs.server.namenode.TransferFsImage: Downloaded file fsimage.ckpt_0000000000000000000 size 349 bytes.
2015-04-10 19:29:35,147 INFO org.apache.hadoop.hdfs.server.namenode.TransferFsImage: Opening connection to http://k08n41s01:50070/imagetransfer?getedit=1&startTxId=1&endTxId=316&storageInfo=-57:730859460:0:CID-3ddbb753-00e2-4542-8fb3-0b43f4424e30
2015-04-10 19:29:35,180 INFO org.apache.hadoop.hdfs.server.namenode.TransferFsImage: Transfer took 0.03s at 1200.00 KB/s
2015-04-10 19:29:35,180 INFO org.apache.hadoop.hdfs.server.namenode.TransferFsImage: Downloaded file edits_tmp_0000000000000000001-0000000000000000316_0000000000273202885 size 0 bytes.
2015-04-10 19:29:35,212 INFO org.apache.hadoop.hdfs.server.namenode.FSImageFormatPBINode: Loading 1 INodes.
2015-04-10 19:29:35,244 INFO org.apache.hadoop.hdfs.server.namenode.FSImageFormatProtobuf: Loaded FSImage in 0 seconds.
2015-04-10 19:29:35,244 INFO org.apache.hadoop.hdfs.server.namenode.FSImage: Loaded image for txid 0 from /scratch/3674693/tmp/dfs/namesecondary/current/fsimage_0000000000000000000
2015-04-10 19:29:35,244 INFO org.apache.hadoop.hdfs.server.namenode.NameCache: initialized with 0 entries 0 lookups
2015-04-10 19:29:35,250 INFO org.apache.hadoop.hdfs.server.namenode.Checkpointer: Checkpointer about to load edits from 1 stream(s).
2015-04-10 19:29:35,254 INFO org.apache.hadoop.hdfs.server.namenode.FSImage: Reading /scratch/3674693/tmp/dfs/namesecondary/current/edits_0000000000000000001-0000000000000000316 expecting start txid #1
2015-04-10 19:29:35,254 INFO org.apache.hadoop.hdfs.server.namenode.FSImage: Start loading edits file /scratch/3674693/tmp/dfs/namesecondary/current/edits_0000000000000000001-0000000000000000316
2015-04-10 19:29:35,359 INFO org.apache.hadoop.hdfs.server.namenode.FSImage: Edits file /scratch/3674693/tmp/dfs/namesecondary/current/edits_0000000000000000001-0000000000000000316 of size 37603 edits # 316 loaded in 0 seconds
2015-04-10 19:29:35,431 INFO org.apache.hadoop.hdfs.server.namenode.FSImageTransactionalStorageInspector: No version file in /scratch/3674693/tmp/dfs/namesecondary
2015-04-10 19:29:35,583 INFO org.apache.hadoop.hdfs.server.namenode.TransferFsImage: Uploaded image with txid 316 to namenode at http://k08n41s01:50070 in 0.119 seconds
2015-04-10 19:29:35,583 WARN org.apache.hadoop.hdfs.server.namenode.SecondaryNameNode: Checkpoint done. New Image Size: 5990
2015-04-10 19:30:13,512 ERROR org.apache.hadoop.hdfs.server.namenode.SecondaryNameNode: RECEIVED SIGNAL 15: SIGTERM
2015-04-10 19:30:13,514 INFO org.apache.hadoop.hdfs.server.namenode.SecondaryNameNode: SHUTDOWN_MSG: 
/************************************************************
SHUTDOWN_MSG: Shutting down SecondaryNameNode at k08n41s01.ccr.buffalo.edu/10.111.8.41
************************************************************/
